Clustered 140 primary and secondary data
  7
Xlocation                               
Ylocation                               
Zlocation                               
Primary                                 
Secondary                               
Declustering Weight                     
Declustering Weight
4506 5688 -13.11905956 -13.11905956 1 1  .46220600    
4701 5791.5 -16.21242523 -16.21242523 1 1  .58121290    
4905 5680 -16.36804008 -16.36804008 1 1  .21616240    
4645 5484 -14.46713066 -14.46713066 1 1  .51696600    
4952 5419.5 -18.87117195 -18.87117195 1 1  .28147640    
4728 5615 -16.66118622 -16.66118622 1 1  .19177570    
4478 5595 -13.2563715 -13.2563715 1 1  .53649180    
4478 5530 -13.07341671 -13.07341671 1 1  .42344830    
4534 5409.5 -11.79976654 -11.79976654 1 1  .39268340    
4571 5353.5 -10.61101532 -10.61101532 1 1  .53450160    
4756 5242.5 -14.99335289 -14.99335289 1 1  .63830420    
5067 5158 -31.91633797 -31.91633797 1 1  1.7415550    
5132 5289.5 -26.43731117 -26.43731117 1 1  1.1648620    
5128 5503 -13.391119 -13.391119 1 1  .32175720    
5073 5745 -13.24078941 -13.24078941 1 1  .31841730    
5341 5818.5 -8.407053947 -8.407053947 1 1  1.2176150    
6087 5474.5 -5.553043365 -5.553043365 1 1  1.7415550    
5787 4923 -20.05664635 -20.05664635 1 1  1.7415550    
4146 4990 -18.42175102 -18.42175102 1 1  1.7415550    
3947 5333.5 -17.28299522 -17.28299522 1 1  1.7415550    
3873 5730 -13.94185638 -13.94185638 1 1  1.5642820    
4063 6100 -14.66049576 -14.66049576 1 1  1.5642820    
4317 6439.5 -9.486290932 -9.486290932 1 1  1.7415550    
4580 6691.5 -11.83139324 -11.83139324 1 1  1.7415550    
3452 7006.5 -11.86226177 -11.86226177 1 1  1.7415550    
2147 6844.5 9.380465508 9.380465508 1 1  1.7415550    
2297 6120 3.688079357 3.688079357 1 1  1.7415550    
2198 4956 -14.97089672 -14.97089672 1 1  1.7415550    
1893 4205.5 -13.8563261 -13.8563261 1 1  1.7415550    
2271 3623 -21.95410728 -21.95410728 1 1  1.7415550    
4857 3262.5 -24.62471771 -24.62471771 1 1  1.7415550    
6067 3423.5 -19.12044716 -19.12044716 1 1  1.7415550    
7852 3257.5 -24.39182281 -24.39182281 1 1  1.7415550    
7974 3800 -23.7506218 -23.7506218 1 1  1.7415550    
7934 4476 -24.04928398 -24.04928398 1 1  1.7415550    
7970 5132.5 -17.93937874 -17.93937874 1 1  1.7415550    
8223 5883.5 -21.48729324 -21.48729324 1 1  1.7415550    
8123 6562 -15.47186947 -15.47186947 1 1  1.7415550    
7711 6971 -10.6384306 -10.6384306 1 1  1.7415550    
6639 7151 -10.86514187 -10.86514187 1 1  1.7415550    
6819 5948 -11.25875473 -11.25875473 1 1  1.7415550    
7360 5004.5 -18.92957687 -18.92957687 1 1  1.7415550    
6396 4081 -20.40038109 -20.40038109 1 1  1.7415550    
4187 3854 -13.21732807 -13.21732807 1 1  1.7415550    
2644 3913.5 -27.88151169 -27.88151169 1 1  1.7415550    
2924 4986 -20.55395317 -20.55395317 1 1  1.7415550    
4884 5528.5 -16.4336834 -16.4336834 1 1  .15654130    
4910 5635.5 -16.03220749 -16.03220749 1 1  .17479880    
5064 5520 -13.83556843 -13.83556843 1 1  .33357540    
4941 5399.5 -18.83512497 -18.83512497 1 1  .28147640    
4847 5387 -15.12719631 -15.12719631 1 1  .15347740    
4772 5451.5 -15.29262066 -15.29262066 1 1  .17458120    
4827 5527.5 -16.64105225 -16.64105225 1 1  .15654130    
5019 5253 -26.79878616 -26.79878616 1 1  .81425580    
4914 5277 -18.07919121 -18.07919121 1 1  .41629130    
5025 5372.5 -17.90268326 -17.90268326 1 1  .53053370    
5051 5427.5 -14.49306488 -14.49306488 1 1  .23954370    
4974 5669.5 -15.11815548 -15.11815548 1 1  .20915900    
4936 5764 -17.39000702 -17.39000702 1 1  .36060680    
4636 5687.5 -14.92274666 -14.92274666 1 1  .41493320    
4600 5582.5 -14.9796114 -14.9796114 1 1  .31194620    
4623 5419.5 -12.5318594 -12.5318594 1 1  .30188970    
4670 5392 -12.38409424 -12.38409424 1 1  .30188970    
4868 5284 -15.45986748 -15.45986748 1 1  .29529560    
4757 5181 -18.57286835 -18.57286835 1 1  .94220040    
4523 5322 -10.8055172 -10.8055172 1 1  .53450160    
4888 5150 -25.47847939 -25.47847939 1 1  1.3381950    
5251 5220 -22.81103897 -22.81103897 1 1  1.3023120    
5398 5404.5 -14.11987114 -14.11987114 1 1  1.0827170    
5162 5580 -13.03016758 -13.03016758 1 1  .26523540    
5220 5459 -14.6969471 -14.6969471 1 1  .32175720    
5275 5505 -11.8318367 -11.8318367 1 1  .96076700    
5302 5592 -13.11763191 -13.11763191 1 1  .46948450    
5178 5720 -9.767502785 -9.767502785 1 1  .81425580    
5223 5874 -10.41850376 -10.41850376 1 1  .92592910    
4893 5928.5 -21.82830429 -21.82830429 1 1  1.5682220    
5010 5722 -15.05311584 -15.05311584 1 1  .21231050    
4974 5616.5 -14.66898155 -14.66898155 1 1  .20324990    
